#
# There is insufficient memory for the Java Runtime Environment to continue.
# Native memory allocation (malloc) failed to allocate 128016 bytes for Chunk::new
# Possible reasons:
#   The system is out of physical RAM or swap space
#   The process is running with CompressedOops enabled, and the Java Heap may be blocking the growth of the native heap
# Possible solutions:
#   Reduce memory load on the system
#   Increase physical memory or swap space
#   Check if swap backing store is full
#   Decrease Java heap size (-Xmx/-Xms)
#   Decrease number of Java threads
#   Decrease Java thread stack sizes (-Xss)
#   Set larger code cache with -XX:ReservedCodeCacheSize=
#   JVM is running with Unscaled Compressed Oops mode in which the Java heap is
#     placed in the first 4GB address space. The Java Heap base address is the
#     maximum limit for the native heap growth. Please use -XX:HeapBaseMinAddress
#     to set the Java Heap base and to place the Java Heap above 4GB virtual address.
# This output file may be truncated or incomplete.
#
#  Out of Memory Error (allocation.cpp:389), pid=27136, tid=0x0000000000001468
#
# JRE version: OpenJDK Runtime Environment (8.0_212-b04) (build 1.8.0_212-release-1586-b04)
# Java VM: OpenJDK 64-Bit Server VM (25.212-b04 mixed mode windows-amd64 compressed oops)
# Failed to write core dump. Minidumps are not enabled by default on client versions of Windows
#

---------------  T H R E A D  ---------------

Current thread (0x0000000016120800):  JavaThread "C2 CompilerThread0" daemon [_thread_in_native, id=5224, stack(0x0000000017770000,0x0000000017870000)]

Stack: [0x0000000017770000,0x0000000017870000]
[error occurred during error reporting (printing stack bounds), id 0xc0000005]

Native frames: (J=compiled Java code, j=interpreted, Vv=VM code, C=native code)


Current CompileTask:
C2: 953037 16819       4       com.android.manifmerger.XmlAttribute::<init> (190 bytes)


---------------  P R O C E S S  ---------------

Java Threads: ( => current thread )
  0x000000001d93d800 JavaThread "stdout" [_thread_in_native, id=28580, stack(0x0000000025730000,0x0000000025830000)]
  0x000000001d942000 JavaThread "stderr" [_thread_in_native, id=28276, stack(0x0000000025630000,0x0000000025730000)]
  0x00000000191c6800 JavaThread "stdout" [_thread_in_native, id=12436, stack(0x0000000025530000,0x0000000025630000)]
  0x00000000191cb000 JavaThread "stderr" [_thread_in_native, id=34216, stack(0x00000000251e0000,0x00000000252e0000)]
  0x0000000018638000 JavaThread "pool-29-thread-1" [_thread_blocked, id=20616, stack(0x00000000244a0000,0x00000000245a0000)]
  0x000000001862e800 JavaThread "WorkerExecutor Queue Thread 4" [_thread_blocked, id=7552, stack(0x0000000023fa0000,0x00000000240a0000)]
  0x000000001f933800 JavaThread "WorkerExecutor Queue Thread 3" [_thread_blocked, id=6248, stack(0x0000000023ea0000,0x0000000023fa0000)]
  0x000000001f92a000 JavaThread "WorkerExecutor Queue Thread 2" [_thread_blocked, id=6016, stack(0x0000000023da0000,0x0000000023ea0000)]
  0x000000001f929000 JavaThread "WorkerExecutor Queue" [_thread_blocked, id=26204, stack(0x0000000023ca0000,0x0000000023da0000)]
  0x000000001f930000 JavaThread "Cache worker for execution history cache (C:\Users\User\AndroidStudioProjects\ComicFlix\.gradle\5.6.4\executionHistory)" [_thread_blocked, id=18380, stack(0x0000000023ba0000,0x0000000023ca0000)]
  0x000000001f92f000 JavaThread "Execution worker for ':' Thread 3" [_thread_blocked, id=34112, stack(0x00000000236a0000,0x00000000237a0000)]
  0x000000001f927800 JavaThread "Execution worker for ':' Thread 2" [_thread_blocked, id=30244, stack(0x00000000235a0000,0x00000000236a0000)]
  0x000000001f927000 JavaThread "Execution worker for ':'" [_thread_in_native, id=2292, stack(0x00000000234a0000,0x00000000235a0000)]
  0x000000001f92d000 JavaThread "Cache worker for file content cache (C:\Users\User\AndroidStudioProjects\ComicFlix\.gradle\5.6.4\fileContent)" [_thread_blocked, id=18560, stack(0x00000000231a0000,0x00000000232a0000)]
  0x000000001f92c000 JavaThread "Cache worker for Build Output Cleanup Cache (C:\Users\User\AndroidStudioProjects\ComicFlix\.gradle\buildOutputCleanup)" [_thread_blocked, id=17328, stack(0x0000000022ec0000,0x0000000022fc0000)]
  0x000000001f92a800 JavaThread "Build operations Thread 4" [_thread_blocked, id=22088, stack(0x0000000021d70000,0x0000000021e70000)]
  0x000000001f92b800 JavaThread "Build operations Thread 3" [_thread_blocked, id=36100, stack(0x0000000021870000,0x0000000021970000)]
  0x000000001f926000 JavaThread "Build operations Thread 2" [_thread_blocked, id=26348, stack(0x0000000021770000,0x0000000021870000)]
  0x000000001896a000 JavaThread "Build operations" [_thread_blocked, id=17524, stack(0x0000000021670000,0x0000000021770000)]
  0x0000000018969000 JavaThread "Cache worker for cache directory md-rule (C:\Users\User\.gradle\caches\5.6.4\md-rule)" [_thread_blocked, id=3492, stack(0x0000000021570000,0x0000000021670000)]
  0x000000001896f000 JavaThread "Cache worker for cache directory md-supplier (C:\Users\User\.gradle\caches\5.6.4\md-supplier)" [_thread_blocked, id=14960, stack(0x0000000020f70000,0x0000000021070000)]
  0x000000001896e800 JavaThread "Cache worker for file hash cache (C:\Users\User\AndroidStudioProjects\ComicFlix\.gradle\5.6.4\fileHashes)" [_thread_blocked, id=11004, stack(0x000000001e7f0000,0x000000001e8f0000)]
  0x000000001896a800 JavaThread "Thread-239" [_thread_blocked, id=6004, stack(0x000000001e230000,0x000000001e330000)]
  0x0000000018970000 JavaThread "Stdin handler" [_thread_blocked, id=6900, stack(0x000000001b990000,0x000000001ba90000)]
  0x000000001896d800 JavaThread "Asynchronous log dispatcher for DefaultDaemonConnection: socket connection from /127.0.0.1:62447 to /127.0.0.1:62744" [_thread_blocked, id=33192, stack(0x000000001b690000,0x000000001b790000)]
  0x000000001896d000 JavaThread "Cancel handler" [_thread_blocked, id=34984, stack(0x0000000000a10000,0x0000000000b10000)]
  0x000000001896c000 JavaThread "Handler for socket connection from /127.0.0.1:62447 to /127.0.0.1:62744" [_thread_in_native, id=22424, stack(0x0000000000910000,0x0000000000a10000)]
  0x000000001862f000 JavaThread "Daemon worker Thread 3" [_thread_blocked, id=18876, stack(0x000000001b190000,0x000000001b290000)]
  0x000000001862d800 JavaThread "Daemon Thread 3" [_thread_blocked, id=32868, stack(0x0000000000810000,0x0000000000910000)]
  0x000000001f931800 JavaThread "MarlinRenderer Disposer" daemon [_thread_blocked, id=11412, stack(0x0000000024be0000,0x0000000024ce0000)]
  0x000000001f930800 JavaThread "Java2D Disposer" daemon [_thread_blocked, id=31516, stack(0x00000000247a0000,0x00000000248a0000)]
  0x0000000018637800 JavaThread "Cache worker for file content cache (C:\Users\User\.gradle\caches\5.6.4\fileContent)" [_thread_blocked, id=25404, stack(0x00000000230a0000,0x00000000231a0000)]
  0x000000001862c000 JavaThread "Memory manager" [_thread_blocked, id=3372, stack(0x0000000022ba0000,0x0000000022ca0000)]
  0x0000000018632000 JavaThread "Cache worker for execution history cache (C:\Users\User\.gradle\caches\5.6.4\executionHistory)" [_thread_blocked, id=25620, stack(0x0000000021270000,0x0000000021370000)]
  0x00000000191c9000 JavaThread "Cache worker for journal cache (C:\Users\User\.gradle\caches\journal-1)" [_thread_blocked, id=31120, stack(0x000000001be90000,0x000000001bf90000)]
  0x00000000191c7800 JavaThread "File lock request listener" [_thread_in_native, id=28288, stack(0x000000001bd90000,0x000000001be90000)]
  0x00000000191c6000 JavaThread "Cache worker for file hash cache (C:\Users\User\.gradle\caches\5.6.4\fileHashes)" [_thread_blocked, id=23892, stack(0x000000001ba90000,0x000000001bb90000)]
  0x000000001990b000 JavaThread "Daemon periodic checks" [_thread_blocked, id=13320, stack(0x000000001b090000,0x000000001b190000)]
  0x0000000019912000 JavaThread "Incoming local TCP Connector on port 62447" [_thread_in_native, id=30672, stack(0x000000001ae50000,0x000000001af50000)]
  0x0000000018a36000 JavaThread "Daemon health stats" [_thread_blocked, id=26808, stack(0x000000001a810000,0x000000001a910000)]
  0x0000000017aa0800 JavaThread "Service Thread" daemon [_thread_blocked, id=15628, stack(0x0000000017e70000,0x0000000017f70000)]
  0x0000000016129000 JavaThread "C1 CompilerThread2" daemon [_thread_in_native, id=35808, stack(0x0000000017970000,0x0000000017a70000)]
  0x0000000016124000 JavaThread "C2 CompilerThread1" daemon [_thread_in_native, id=34724, stack(0x0000000017870000,0x0000000017970000)]
=>0x0000000016120800 JavaThread "C2 CompilerThread0" daemon [_thread_in_native, id=5224, stack(0x0000000017770000,0x0000000017870000)]
  0x000000001611a800 JavaThread "Attach Listener" daemon [_thread_blocked, id=37404, stack(0x0000000017670000,0x0000000017770000)]
  0x0000000016119000 JavaThread "Signal Dispatcher" daemon [_thread_blocked, id=19840, stack(0x0000000017570000,0x0000000017670000)]
  0x00000000026ab000 JavaThread "Finalizer" daemon [_thread_blocked, id=14936, stack(0x0000000017370000,0x0000000017470000)]
  0x0000000016109000 JavaThread "Reference Handler" daemon [_thread_blocked, id=20436, stack(0x0000000017270000,0x0000000017370000)]
  0x00000000027ae800 JavaThread "main" [_thread_blocked, id=16472, stack(0x00000000023e0000,0x00000000024e0000)]

Other Threads:
  0x00000000160e6000 VMThread [stack: 0x0000000017170000,0x0000000017270000] [id=28624]
  0x0000000016137800 WatcherThread [stack: 0x0000000017f70000,0x0000000018070000] [id=29756]

VM state:not at safepoint (normal execution)

VM Mutex/Monitor currently owned by a thread: None

heap address: 0x00000000a0000000, size: 1536 MB, Compressed Oops mode: 32-bit
Narrow klass base: 0x0000000000000000, Narrow klass shift: 3
Compressed class space size: 1073741824 Address: 0x0000000100000000

Heap:
 PSYoungGen      total 324608K, used 90751K [0x00000000e0000000, 0x00000000f8080000, 0x0000000100000000)
  eden space 278528K, 25% used [0x00000000e0000000,0x00000000e4456a10,0x00000000f1000000)
  from space 46080K, 45% used [0x00000000f3b80000,0x00000000f4fc9270,0x00000000f6880000)
  to   space 44544K, 0% used [0x00000000f1000000,0x00000000f1000000,0x00000000f3b80000)
 ParOldGen       total 201216K, used 50964K [0x00000000a0000000, 0x00000000ac480000, 0x00000000e0000000)
  object space 201216K, 25% used [0x00000000a0000000,0x00000000a31c5250,0x00000000ac480000)
 Metaspace       used 75164K, capacity 78168K, committed 78552K, reserved 1118208K
  class space    used 9472K, capacity 10085K, committed 10200K, reserved 1048576K

Card table byte_map: [0x0000000011b70000,0x0000000011e80000] byte_map_base: 0x0000000011670000

Marking Bits: (ParMarkBitMap*) 0x0000000065b59f30
 Begin Bits: [0x0000000012480000, 0x0000000013c80000)
 End Bits:   [0x0000000013c80000, 0x0000000015480000)

Polling page: 0x0000000000b80000

CodeCache: size=245760Kb used=44674Kb max_used=44700Kb free=201085Kb
 bounds [0x00000000027b0000, 0x00000000053a0000, 0x00000000117b0000]
 total_blobs=14349 nmethods=13419 adapters=841
 compilation: enabled

Compilation events (10 events):
Event: 953.028 Thread 0x0000000016129000 16816       3       com.android.manifmerger.PreValidator::checkSelectorPresence (68 bytes)
Event: 953.029 Thread 0x0000000016120800 16819       4       com.android.manifmerger.XmlAttribute::<init> (190 bytes)
Event: 953.030 Thread 0x0000000016129000 nmethod 16816 0x000000000539a310 code [0x000000000539a6c0, 0x000000000539cd88]
Event: 953.032 Thread 0x0000000016129000 16818       3       com.android.manifmerger.ManifestModel$NodeTypes::canMergeWithLowerPriority (15 bytes)
Event: 953.032 Thread 0x0000000016129000 nmethod 16818 0x0000000004cd6a10 code [0x0000000004cd6b80, 0x0000000004cd6e08]
Event: 953.034 Thread 0x0000000016129000 16812       3       com.google.common.base.Absent::or (7 bytes)
Event: 953.034 Thread 0x0000000016129000 nmethod 16812 0x0000000003b63c90 code [0x0000000003b63e20, 0x0000000003b641a8]
Event: 953.035 Thread 0x0000000016129000 16821       3       com.android.ide.common.xml.XmlPrettyPrinter::visitAfterChildren (46 bytes)
Event: 953.036 Thread 0x0000000016129000 nmethod 16821 0x00000000046d1a90 code [0x00000000046d1c00, 0x00000000046d1e98]
Event: 953.036 Thread 0x0000000016129000 16822       3       com.android.ide.common.xml.XmlAttributeSortOrder::compareAttributes (52 bytes)

GC Heap History (10 events):
Event: 869.947 GC heap before
{Heap before GC invocations=24 (full 3):
 PSYoungGen      total 330240K, used 318181K [0x00000000e0000000, 0x00000000f7080000, 0x0000000100000000)
  eden space 296448K, 100% used [0x00000000e0000000,0x00000000f2180000,0x00000000f2180000)
  from space 33792K, 64% used [0x00000000f4f80000,0x00000000f64b9568,0x00000000f7080000)
  to   space 40448K, 0% used [0x00000000f2180000,0x00000000f2180000,0x00000000f4900000)
 ParOldGen       total 130048K, used 101479K [0x00000000a0000000, 0x00000000a7f00000, 0x00000000e0000000)
  object space 130048K, 78% used [0x00000000a0000000,0x00000000a6319f50,0x00000000a7f00000)
 Metaspace       used 74719K, capacity 77694K, committed 78040K, reserved 1118208K
  class space    used 9467K, capacity 10078K, committed 10200K, reserved 1048576K
Event: 869.967 GC heap after
Heap after GC invocations=24 (full 3):
 PSYoungGen      total 336896K, used 23370K [0x00000000e0000000, 0x00000000f8f80000, 0x0000000100000000)
  eden space 296448K, 0% used [0x00000000e0000000,0x00000000e0000000,0x00000000f2180000)
  from space 40448K, 57% used [0x00000000f2180000,0x00000000f3852ab8,0x00000000f4900000)
  to   space 40448K, 0% used [0x00000000f6800000,0x00000000f6800000,0x00000000f8f80000)
 ParOldGen       total 130048K, used 101487K [0x00000000a0000000, 0x00000000a7f00000, 0x00000000e0000000)
  object space 130048K, 78% used [0x00000000a0000000,0x00000000a631bf50,0x00000000a7f00000)
 Metaspace       used 74719K, capacity 77694K, committed 78040K, reserved 1118208K
  class space    used 9467K, capacity 10078K, committed 10200K, reserved 1048576K
}
Event: 938.243 GC heap before
{Heap before GC invocations=25 (full 3):
 PSYoungGen      total 336896K, used 319818K [0x00000000e0000000, 0x00000000f8f80000, 0x0000000100000000)
  eden space 296448K, 100% used [0x00000000e0000000,0x00000000f2180000,0x00000000f2180000)
  from space 40448K, 57% used [0x00000000f2180000,0x00000000f3852ab8,0x00000000f4900000)
  to   space 40448K, 0% used [0x00000000f6800000,0x00000000f6800000,0x00000000f8f80000)
 ParOldGen       total 130048K, used 101487K [0x00000000a0000000, 0x00000000a7f00000, 0x00000000e0000000)
  object space 130048K, 78% used [0x00000000a0000000,0x00000000a631bf50,0x00000000a7f00000)
 Metaspace       used 74965K, capacity 78058K, committed 78296K, reserved 1118208K
  class space    used 9477K, capacity 10096K, committed 10200K, reserved 1048576K
Event: 938.309 GC heap after
Heap after GC invocations=25 (full 3):
 PSYoungGen      total 325632K, used 40420K [0x00000000e0000000, 0x00000000f8f80000, 0x0000000100000000)
  eden space 285184K, 0% used [0x00000000e0000000,0x00000000e0000000,0x00000000f1680000)
  from space 40448K, 99% used [0x00000000f6800000,0x00000000f8f79080,0x00000000f8f80000)
  to   space 46592K, 0% used [0x00000000f3480000,0x00000000f3480000,0x00000000f6200000)
 ParOldGen       total 130048K, used 101671K [0x00000000a0000000, 0x00000000a7f00000, 0x00000000e0000000)
  object space 130048K, 78% used [0x00000000a0000000,0x00000000a6349f50,0x00000000a7f00000)
 Metaspace       used 74965K, capacity 78058K, committed 78296K, reserved 1118208K
  class space    used 9477K, capacity 10096K, committed 10200K, reserved 1048576K
}
Event: 950.787 GC heap before
{Heap before GC invocations=26 (full 3):
 PSYoungGen      total 325632K, used 325604K [0x00000000e0000000, 0x00000000f8f80000, 0x0000000100000000)
  eden space 285184K, 100% used [0x00000000e0000000,0x00000000f1680000,0x00000000f1680000)
  from space 40448K, 99% used [0x00000000f6800000,0x00000000f8f79080,0x00000000f8f80000)
  to   space 46592K, 0% used [0x00000000f3480000,0x00000000f3480000,0x00000000f6200000)
 ParOldGen       total 130048K, used 101671K [0x00000000a0000000, 0x00000000a7f00000, 0x00000000e0000000)
  object space 130048K, 78% used [0x00000000a0000000,0x00000000a6349f50,0x00000000a7f00000)
 Metaspace       used 75190K, capacity 78328K, committed 78552K, reserved 1118208K
  class space    used 9489K, capacity 10117K, committed 10200K, reserved 1048576K
Event: 950.812 GC heap after
Heap after GC invocations=26 (full 3):
 PSYoungGen      total 281600K, used 6944K [0x00000000e0000000, 0x00000000f6880000, 0x0000000100000000)
  eden space 274432K, 0% used [0x00000000e0000000,0x00000000e0000000,0x00000000f0c00000)
  from space 7168K, 96% used [0x00000000f3480000,0x00000000f3b48138,0x00000000f3b80000)
  to   space 46080K, 0% used [0x00000000f3b80000,0x00000000f3b80000,0x00000000f6880000)
 ParOldGen       total 130048K, used 115264K [0x00000000a0000000, 0x00000000a7f00000, 0x00000000e0000000)
  object space 130048K, 88% used [0x00000000a0000000,0x00000000a70902f0,0x00000000a7f00000)
 Metaspace       used 75190K, capacity 78328K, committed 78552K, reserved 1118208K
  class space    used 9489K, capacity 10117K, committed 10200K, reserved 1048576K
}
Event: 950.812 GC heap before
{Heap before GC invocations=27 (full 4):
 PSYoungGen      total 281600K, used 6944K [0x00000000e0000000, 0x00000000f6880000, 0x0000000100000000)
  eden space 274432K, 0% used [0x00000000e0000000,0x00000000e0000000,0x00000000f0c00000)
  from space 7168K, 96% used [0x00000000f3480000,0x00000000f3b48138,0x00000000f3b80000)
  to   space 46080K, 0% used [0x00000000f3b80000,0x00000000f3b80000,0x00000000f6880000)
 ParOldGen       total 130048K, used 115264K [0x00000000a0000000, 0x00000000a7f00000, 0x00000000e0000000)
  object space 130048K, 88% used [0x00000000a0000000,0x00000000a70902f0,0x00000000a7f00000)
 Metaspace       used 75190K, capacity 78328K, committed 78552K, reserved 1118208K
  class space    used 9489K, capacity 10117K, committed 10200K, reserved 1048576K
Event: 951.063 GC heap after
Heap after GC invocations=27 (full 4):
 PSYoungGen      total 281600K, used 0K [0x00000000e0000000, 0x00000000f6880000, 0x0000000100000000)
  eden space 274432K, 0% used [0x00000000e0000000,0x00000000e0000000,0x00000000f0c00000)
  from space 7168K, 0% used [0x00000000f3480000,0x00000000f3480000,0x00000000f3b80000)
  to   space 46080K, 0% used [0x00000000f3b80000,0x00000000f3b80000,0x00000000f6880000)
 ParOldGen       total 201216K, used 50956K [0x00000000a0000000, 0x00000000ac480000, 0x00000000e0000000)
  object space 201216K, 25% used [0x00000000a0000000,0x00000000a31c3250,0x00000000ac480000)
 Metaspace       used 75122K, capacity 78156K, committed 78552K, reserved 1118208K
  class space    used 9470K, capacity 10083K, committed 10200K, reserved 1048576K
}
Event: 952.467 GC heap before
{Heap before GC invocations=28 (full 4):
 PSYoungGen      total 281600K, used 274432K [0x00000000e0000000, 0x00000000f6880000, 0x0000000100000000)
  eden space 274432K, 100% used [0x00000000e0000000,0x00000000f0c00000,0x00000000f0c00000)
  from space 7168K, 0% used [0x00000000f3480000,0x00000000f3480000,0x00000000f3b80000)
  to   space 46080K, 0% used [0x00000000f3b80000,0x00000000f3b80000,0x00000000f6880000)
 ParOldGen       total 201216K, used 50956K [0x00000000a0000000, 0x00000000ac480000, 0x00000000e0000000)
  object space 201216K, 25% used [0x00000000a0000000,0x00000000a31c3250,0x00000000ac480000)
 Metaspace       used 75150K, capacity 78156K, committed 78552K, reserved 1118208K
  class space    used 9470K, capacity 10083K, committed 10200K, reserved 1048576K
Event: 952.489 GC heap after
Heap after GC invocations=28 (full 4):
 PSYoungGen      total 324608K, used 20772K [0x00000000e0000000, 0x00000000f8080000, 0x0000000100000000)
  eden space 278528K, 0% used [0x00000000e0000000,0x00000000e0000000,0x00000000f1000000)
  from space 46080K, 45% used [0x00000000f3b80000,0x00000000f4fc9270,0x00000000f6880000)
  to   space 44544K, 0% used [0x00000000f1000000,0x00000000f1000000,0x00000000f3b80000)
 ParOldGen       total 201216K, used 50964K [0x00000000a0000000, 0x00000000ac480000, 0x00000000e0000000)
  object space 201216K, 25% used [0x00000000a0000000,0x00000000a31c5250,0x00000000ac480000)
 Metaspace       used 75150K, capacity 78156K, committed 78552K, reserved 1118208K
  class space    used 9470K, capacity 10083K, committed 10200K, reserved 1048576K
}

Deoptimization events (10 events):
Event: 946.799 Thread 0x000000001862f000 Uncommon trap: reason=null_check action=make_not_entrant pc=0x000000000453e1fc method=java.lang.ThreadLocal$ThreadLocalMap.getEntryAfterMiss(Ljava/lang/ThreadLocal;ILjava/lang/ThreadLocal$ThreadLocalMap$Entry;)Ljava/lang/ThreadLocal$ThreadLocalMap$Entry; 
Event: 947.444 Thread 0x000000001862f000 Uncommon trap: reason=unstable_if action=reinterpret pc=0x0000000004966200 method=java.text.SimpleDateFormat.zeroPaddingNumber(IIILjava/lang/StringBuffer;)V @ 41
Event: 950.336 Thread 0x000000001862f000 Uncommon trap: reason=array_check action=maybe_recompile pc=0x0000000003aa21b0 method=java.util.ComparableTimSort.binarySort([Ljava/lang/Object;III)V @ 183
Event: 950.457 Thread 0x000000001862f000 Uncommon trap: reason=array_check action=maybe_recompile pc=0x0000000003aa21b0 method=java.util.ComparableTimSort.binarySort([Ljava/lang/Object;III)V @ 183
Event: 950.635 Thread 0x000000001f927800 Uncommon trap: reason=unstable_if action=reinterpret pc=0x0000000003942320 method=java.util.concurrent.locks.ReentrantLock$Sync.nonfairTryAcquire(I)Z @ 19
Event: 950.705 Thread 0x000000001862f000 Uncommon trap: reason=unstable_if action=reinterpret pc=0x0000000004d009c4 method=java.util.concurrent.locks.AbstractQueuedSynchronizer.enq(Ljava/util/concurrent/locks/AbstractQueuedSynchronizer$Node;)Ljava/util/concurrent/locks/AbstractQueuedSynchronizer
Event: 951.074 Thread 0x000000001862f000 Uncommon trap: reason=null_check action=make_not_entrant pc=0x0000000004ce0f30 method=java.lang.ThreadLocal$ThreadLocalMap.set(Ljava/lang/ThreadLocal;Ljava/lang/Object;)V @ 36
Event: 951.076 Thread 0x000000001862f000 Uncommon trap: reason=unstable_if action=reinterpret pc=0x000000000511fdf4 method=com.google.common.collect.MapMakerInternalMap$Segment.put(Ljava/lang/Object;ILjava/lang/Object;Z)Ljava/lang/Object; @ 92
Event: 953.023 Thread 0x000000001f927000 Uncommon trap: reason=class_check action=maybe_recompile pc=0x00000000044ad0fc method=com.sun.org.apache.xerces.internal.dom.NamedNodeMapImpl.getNamedItem(Ljava/lang/String;)Lorg/w3c/dom/Node; @ 28
Event: 953.035 Thread 0x000000001f927000 Uncommon trap: reason=class_check action=maybe_recompile pc=0x00000000044ad0fc method=com.sun.org.apache.xerces.internal.dom.NamedNodeMapImpl.getNamedItem(Ljava/lang/String;)Lorg/w3c/dom/Node; @ 28

Classes redefined (0 events):
No events

Internal exceptions (10 events):
Event: 947.422 Thread 0x000000001862f000 Exception <a 'sun/nio/fs/WindowsException'> (0x00000000ed701b88) thrown at [D:\src\AOSP-openjdk-cygwin\jdk8u\hotspot\src\share\vm\prims\jni.cpp, line 710]
Event: 950.781 Thread 0x000000001f929000 Exception <a 'sun/nio/fs/WindowsException'> (0x00000000f1484df0) thrown at [D:\src\AOSP-openjdk-cygwin\jdk8u\hotspot\src\share\vm\prims\jni.cpp, line 710]
Event: 951.074 Thread 0x000000001862f000 Implicit null exception at 0x0000000004cdce0a to 0x0000000004ce0ef5
Event: 951.134 Thread 0x000000001f927800 Exception <a 'sun/nio/fs/WindowsException'> (0x00000000e0771098) thrown at [D:\src\AOSP-openjdk-cygwin\jdk8u\hotspot\src\share\vm\prims\jni.cpp, line 710]
Event: 952.875 Thread 0x000000001f929000 Exception <a 'java/io/IOException'> (0x00000000e2280b78) thrown at [D:\src\AOSP-openjdk-cygwin\jdk8u\hotspot\src\share\vm\prims\jni.cpp, line 710]
Event: 952.875 Thread 0x000000001f92a000 Exception <a 'java/io/IOException'> (0x00000000e21536e0) thrown at [D:\src\AOSP-openjdk-cygwin\jdk8u\hotspot\src\share\vm\prims\jni.cpp, line 710]
Event: 952.881 Thread 0x000000001f92a000 Exception <a 'java/io/IOException': CreateProcess error=1455, The paging file is too small for this operation to complete> (0x00000000e2caa2b8) thrown at [D:\src\AOSP-openjdk-cygwin\jdk8u\hotspot\src\share\vm\prims\jni.cpp, line 736]
Event: 952.890 Thread 0x000000001f92a000 Exception <a 'java/io/IOException': CreateProcess error=1455, The paging file is too small for this operation to complete> (0x00000000e2f39fb0) thrown at [D:\src\AOSP-openjdk-cygwin\jdk8u\hotspot\src\share\vm\prims\jni.cpp, line 736]
Event: 952.898 Thread 0x000000001f929000 Exception <a 'java/io/IOException'> (0x00000000e2d75b80) thrown at [D:\src\AOSP-openjdk-cygwin\jdk8u\hotspot\src\share\vm\prims\jni.cpp, line 710]
Event: 952.925 Thread 0x000000001f92a000 Exception <a 'java/io/IOException': CreateProcess error=1455, The paging file is too small for this operation to complete> (0x00000000e35801f8) thrown at [D:\src\AOSP-openjdk-cygwin\jdk8u\hotspot\src\share\vm\prims\jni.cpp, line 736]

Events (10 events):
Event: 953.026 Thread 0x0000000016129000 flushing nmethod 0x00000000046d4750
Event: 953.030 Thread 0x0000000016129000 flushing nmethod 0x0000000004b297d0
Event: 953.031 Thread 0x0000000016129000 flushing nmethod 0x0000000004cd6790
Event: 953.031 Thread 0x0000000016129000 flushing nmethod 0x0000000004cf9110
Event: 953.032 Thread 0x0000000016129000 flushing nmethod 0x0000000004f2d0d0
Event: 953.033 Thread 0x0000000016129000 flushing nmethod 0x0000000004f9ad10
Event: 953.033 Thread 0x0000000016129000 flushing nmethod 0x0000000005097790
Event: 953.035 Thread 0x000000001f927000 Uncommon trap: trap_request=0xffffffde fr.pc=0x00000000044ad0fc
Event: 953.035 Thread 0x000000001f927000 DEOPT PACKING pc=0x00000000044ad0fc sp=0x000000002359b7d0
Event: 953.035 Thread 0x000000001f927000 DEOPT UNPACKING pc=0x00000000027f557b sp=0x000000002359b7a0 mode 2


Dynamic libraries:
0x00007ff7610b0000 - 0x00007ff7610e1000 	C:\Program Files\Android\Android Studio\jre\bin\java.exe
0x00007ffcf5700000 - 0x00007ffcf58f0000 	C:\WINDOWS\SYSTEM32\ntdll.dll
0x00007ffcf54d0000 - 0x00007ffcf5582000 	C:\WINDOWS\System32\KERNEL32.DLL
0x00007ffcf2830000 - 0x00007ffcf2ad4000 	C:\WINDOWS\System32\KERNELBASE.dll
0x00007ffcf42b0000 - 0x00007ffcf4353000 	C:\WINDOWS\System32\ADVAPI32.dll
0x00007ffcf4820000 - 0x00007ffcf48be000 	C:\WINDOWS\System32\msvcrt.dll
0x00007ffcf48d0000 - 0x00007ffcf4967000 	C:\WINDOWS\System32\sechost.dll
0x00007ffcf5020000 - 0x00007ffcf5140000 	C:\WINDOWS\System32\RPCRT4.dll
0x00007ffcf45b0000 - 0x00007ffcf4745000 	C:\WINDOWS\System32\USER32.dll
0x00007ffcf2e20000 - 0x00007ffcf2e41000 	C:\WINDOWS\System32\win32u.dll
0x00007ffcf4970000 - 0x00007ffcf4996000 	C:\WINDOWS\System32\GDI32.dll
0x00007ffcf2c60000 - 0x00007ffcf2df6000 	C:\WINDOWS\System32\gdi32full.dll
0x00007ffcf2ae0000 - 0x00007ffcf2b7e000 	C:\WINDOWS\System32\msvcp_win.dll
0x00007ffcf2730000 - 0x00007ffcf282a000 	C:\WINDOWS\System32\ucrtbase.dll
0x00007ffcdfd60000 - 0x00007ffcdffe4000 	C:\WINDOWS\WinSxS\amd64_microsoft.windows.common-controls_6595b64144ccf1df_6.0.18362.1016_none_9e7a36bbe461dae4\COMCTL32.dll
0x00007ffcf37b0000 - 0x00007ffcf3ae5000 	C:\WINDOWS\System32\combase.dll
0x00007ffcf2e50000 - 0x00007ffcf2ed0000 	C:\WINDOWS\System32\bcryptPrimitives.dll
0x00007ffcf5690000 - 0x00007ffcf56be000 	C:\WINDOWS\System32\IMM32.DLL
0x0000000064af0000 - 0x0000000064bc2000 	C:\Program Files\Android\Android Studio\jre\jre\bin\msvcr100.dll
0x0000000065390000 - 0x0000000065bd6000 	C:\Program Files\Android\Android Studio\jre\jre\bin\server\jvm.dll
0x00007ffcf5590000 - 0x00007ffcf5598000 	C:\WINDOWS\System32\PSAPI.DLL
0x00007ffcee710000 - 0x00007ffcee734000 	C:\WINDOWS\SYSTEM32\WINMM.dll
0x00007ffcf1080000 - 0x00007ffcf108a000 	C:\WINDOWS\SYSTEM32\VERSION.dll
0x00007ffcee770000 - 0x00007ffcee779000 	C:\WINDOWS\SYSTEM32\WSOCK32.dll
0x00007ffcee6e0000 - 0x00007ffcee70d000 	C:\WINDOWS\SYSTEM32\winmmbase.dll
0x00007ffcf2680000 - 0x00007ffcf26ca000 	C:\WINDOWS\System32\cfgmgr32.dll
0x00007ffcf55a0000 - 0x00007ffcf560f000 	C:\WINDOWS\System32\ws2_32.DLL
0x00007ffceda10000 - 0x00007ffceda1f000 	C:\Program Files\Android\Android Studio\jre\jre\bin\verify.dll
0x00007ffcebda0000 - 0x00007ffcebdc9000 	C:\Program Files\Android\Android Studio\jre\jre\bin\java.dll
0x00007ffcebe70000 - 0x00007ffcebe86000 	C:\Program Files\Android\Android Studio\jre\jre\bin\zip.dll
0x00007ffcf3b50000 - 0x00007ffcf4237000 	C:\WINDOWS\System32\SHELL32.dll
0x00007ffcf4360000 - 0x00007ffcf4409000 	C:\WINDOWS\System32\shcore.dll
0x00007ffcf3020000 - 0x00007ffcf37a2000 	C:\WINDOWS\System32\windows.storage.dll
0x00007ffcf2600000 - 0x00007ffcf2623000 	C:\WINDOWS\System32\profapi.dll
0x00007ffcf2630000 - 0x00007ffcf267a000 	C:\WINDOWS\System32\powrprof.dll
0x00007ffcf25b0000 - 0x00007ffcf25c0000 	C:\WINDOWS\System32\UMPDC.dll
0x00007ffcf49a0000 - 0x00007ffcf49f2000 	C:\WINDOWS\System32\shlwapi.dll
0x00007ffcf25e0000 - 0x00007ffcf25f1000 	C:\WINDOWS\System32\kernel.appcore.dll
0x00007ffcf2e00000 - 0x00007ffcf2e17000 	C:\WINDOWS\System32\cryptsp.dll
0x00007ffcebd80000 - 0x00007ffcebd9a000 	C:\Program Files\Android\Android Studio\jre\jre\bin\net.dll
0x00007ffce2c00000 - 0x00007ffce2dd6000 	C:\WINDOWS\SYSTEM32\urlmon.dll
0x00007ffce30b0000 - 0x00007ffce3356000 	C:\WINDOWS\SYSTEM32\iertutil.dll
0x00007ffcf1f40000 - 0x00007ffcf1f4c000 	C:\WINDOWS\SYSTEM32\CRYPTBASE.DLL
0x00007ffcf1dc0000 - 0x00007ffcf1e27000 	C:\WINDOWS\system32\mswsock.dll
0x00007ffce8920000 - 0x00007ffce8933000 	C:\Program Files\Android\Android Studio\jre\jre\bin\nio.dll
0x00007ffce7b10000 - 0x00007ffce7b36000 	C:\Users\User\.gradle\native\30\windows-amd64\native-platform.dll
0x00007ffced3b0000 - 0x00007ffced3bd000 	C:\Program Files\Android\Android Studio\jre\jre\bin\management.dll
0x00007ffcf1940000 - 0x00007ffcf1973000 	C:\WINDOWS\system32\rsaenh.dll
0x00007ffcf2b80000 - 0x00007ffcf2ba6000 	C:\WINDOWS\System32\bcrypt.dll
0x00007ffcf24a0000 - 0x00007ffcf24c5000 	C:\WINDOWS\SYSTEM32\USERENV.dll
0x00007ffcf1ae0000 - 0x00007ffcf1b1a000 	C:\WINDOWS\SYSTEM32\IPHLPAPI.DLL
0x00007ffcf48c0000 - 0x00007ffcf48c8000 	C:\WINDOWS\System32\NSI.dll
0x00007ffce9360000 - 0x00007ffce9376000 	C:\WINDOWS\SYSTEM32\dhcpcsvc6.DLL
0x00007ffce8b50000 - 0x00007ffce8b6c000 	C:\WINDOWS\SYSTEM32\dhcpcsvc.DLL
0x00007ffcf1b20000 - 0x00007ffcf1beb000 	C:\WINDOWS\SYSTEM32\DNSAPI.dll
0x00007ffcc1030000 - 0x00007ffcc11cc000 	C:\Program Files\Android\Android Studio\jre\jre\bin\awt.dll
0x00007ffcf4750000 - 0x00007ffcf4815000 	C:\WINDOWS\System32\OLEAUT32.dll
0x00007ffcf0990000 - 0x00007ffcf09bd000 	C:\WINDOWS\SYSTEM32\dwmapi.dll
0x00007ffceefa0000 - 0x00007ffcef560000 	C:\WINDOWS\SYSTEM32\d2d1.dll
0x00007ffcf0380000 - 0x00007ffcf040f000 	C:\WINDOWS\SYSTEM32\apphelp.dll
0x00007ffcf0510000 - 0x00007ffcf05a9000 	C:\WINDOWS\system32\uxtheme.dll

VM Arguments:
jvm_args: -Xmx1536m -Dfile.encoding=windows-1252 -Duser.country=US -Duser.language=en -Duser.variant 
java_command: org.gradle.launcher.daemon.bootstrap.GradleDaemon 5.6.4
java_class_path (initial): C:\Users\User\.gradle\wrapper\dists\gradle-5.6.4-all\ankdp27end7byghfw1q2sw75f\gradle-5.6.4\lib\gradle-launcher-5.6.4.jar
Launcher Type: SUN_STANDARD

Environment Variables:
JAVA_HOME=C:\Program Files\Java\jdk1.8.0_211
CLASSPATH=.;
PATH=C:\ProgramData\DockerDesktop\version-bin;C:\Program Files\Docker\Docker\Resources\bin;C:\Python27\;C:\Python27\Scripts;C:\Program Files (x86)\Common Files\Intel\Shared Libraries\redist\intel64\compiler;C:\Windows\system32;C:\Windows;C:\Windows\System32\Wbem;C:\Windows\System32\WindowsPowerShell\v1.0\;C:\Windows\System32\OpenSSH\;C:\Program Files (x86)\NVIDIA Corporation\PhysX\Common;C:\Program Files (x86)\Yarn\bin\;C:\ProgramData\chocolatey\bin;C:\Program Files\nodejs\;C:\Program Files\Java\jdk1.8.0_211\bin;C:\Users\User\AppData\Local\Android\Sdk\platform-tools;;C:\WINDOWS\system32;C:\WINDOWS;C:\WINDOWS\System32\Wbem;C:\WINDOWS\System32\WindowsPowerShell\v1.0\;C:\WINDOWS\System32\OpenSSH\;C:\xampp\php;C:\ProgramData\ComposerSetup\bin;C:\Ruby26-x64\bin;C:\Users\User\AppData\Local\Microsoft\WindowsApps;C:\Users\User\AppData\Local\Programs\Microsoft VS Code\bin;C:\Users\User\AppData\Local\Yarn\bin;C:\Users\User\AppData\Roaming\npm;c:\Users\User\AppData\Local\Android\Sdk\platform-tools;C:\Users\User\AppData\Roaming\Composer\vendor\bin;C:\Users\User\AppData\Local\GitHubDesktop\bin
USERNAME=User
OS=Windows_NT
PROCESSOR_IDENTIFIER=Intel64 Family 6 Model 142 Stepping 9, GenuineIntel



---------------  S Y S T E M  ---------------

OS: Windows 10.0 , 64 bit Build 18362 (10.0.18362.959)

CPU:total 4 (initial active 4) (2 cores per cpu, 2 threads per core) family 6 model 142 stepping 9, cmov, cx8, fxsr, mmx, sse, sse2, sse3, ssse3, sse4.1, sse4.2, popcnt, avx, avx2, aes, clmul, erms, 3dnowpref, lzcnt, ht, tsc, tscinvbit, bmi1, bmi2, adx

Memory: 4k page, physical 8243596k(582596k free), swap 33409420k(284k free)

vm_info: OpenJDK 64-Bit Server VM (25.212-b04) for windows-amd64 JRE (1.8.0_212-release-1586-b04), built by "builder" with MS VC++ 10.0 (VS2010)

time: Tue Sep 01 15:01:17 2020
timezone: Malay Peninsula Standard Time
elapsed time: 953 seconds (0d 0h 15m 53s)

